<?xml version="1.0" encoding="UTF-8"?>
<!-- Generated by org.testng.reporters.JUnitReportReporter -->
<testsuite skipped="0" hostname="DESKTOP-EVK9GMC" name="testScripts.Demo" tests="1" failures="0" timestamp="2020-10-11T13:21:45 IST" time="73.355" errors="0">
  <testcase name="dummy" time="73.355" classname="testScripts.Demo"/>
</testsuite> <!-- testScripts.Demo -->
