<?xml version="1.0" encoding="UTF-8"?>
<!-- Generated by org.testng.reporters.JUnitReportReporter -->
<testsuite skipped="0" hostname="DESKTOP-EVK9GMC" name="testScripts.ChangeTheDate" tests="1" failures="0" timestamp="2020-10-11T14:23:03 IST" time="169.365" errors="0">
  <testcase name="test1" time="169.365" classname="testScripts.ChangeTheDate"/>
</testsuite> <!-- testScripts.ChangeTheDate -->
